<?xml version="1.0" encoding="UTF-8"?>
<!-- Generated by org.testng.reporters.JUnitReportReporter -->
<testsuite skipped="0" hostname="LAPTOP-MEFRD64S" name="Selenium.ATest" tests="1" failures="0" timestamp="16 Sep 2019 21:35:49 GMT" time="0.017" errors="0">
  <testcase name="method" time="0.017" classname="Selenium.ATest"/>
</testsuite> <!-- Selenium.ATest -->
