<?xml version="1.0" encoding="UTF-8"?>
<!-- Generated by org.testng.reporters.JUnitReportReporter -->
<testsuite skipped="0" hostname="LAPTOP-MEFRD64S" name="Selenium.AppTest" tests="1" failures="0" timestamp="16 Sep 2019 21:35:50 GMT" time="0.009" errors="0">
  <testcase name="testApp" time="0.009" classname="Selenium.AppTest"/>
</testsuite> <!-- Selenium.AppTest -->
