<?xml version="1.0" encoding="UTF-8"?>
<!-- Generated by org.testng.reporters.JUnitReportReporter -->
<testsuite skipped="0" hostname="LAPTOP-MEFRD64S" name="Selenium.SeleniumTest" tests="4" failures="0" timestamp="2019-09-30T17:51:43 EDT" time="0.042" errors="0">
  <testcase name="elementUI" time="0.019" classname="Selenium.SeleniumTest"/>
  <testcase name="git" time="0.009" classname="Selenium.SeleniumTest"/>
  <testcase name="browserAutomation" time="0.011" classname="Selenium.SeleniumTest"/>
  <testcase name="git1" time="0.003" classname="Selenium.SeleniumTest"/>
</testsuite> <!-- Selenium.SeleniumTest -->
