<?xml version="1.0" encoding="UTF-8"?>
<!-- Generated by org.testng.reporters.JUnitReportReporter -->
<testsuite skipped="0" hostname="LAPTOP-MEFRD64S" name="Selenium.RestApiTest" tests="2" failures="0" timestamp="2019-09-30T17:51:43 EDT" time="0.016" errors="0">
  <testcase name="postJira" time="0.007" classname="Selenium.RestApiTest"/>
  <testcase name="deleteTwitter" time="0.009" classname="Selenium.RestApiTest"/>
</testsuite> <!-- Selenium.RestApiTest -->
