<?xml version="1.0" encoding="UTF-8"?>
<!-- Generated by org.testng.reporters.JUnitReportReporter -->
<testsuite skipped="0" hostname="LAPTOP-MEFRD64S" name="Selenium.AppiuTest$RestApiTest" tests="2" failures="0" timestamp="2019-09-30T17:51:43 EDT" time="0.119" errors="0">
  <testcase name="NativeApp" time="0.006" classname="Selenium.AppiuTest$RestApiTest"/>
  <testcase name="HybridApp" time="0.113" classname="Selenium.AppiuTest$RestApiTest"/>
</testsuite> <!-- Selenium.AppiuTest$RestApiTest -->
