<?xml version="1.0" encoding="UTF-8"?>
<!-- Generated by org.testng.reporters.JUnitReportReporter -->
<testsuite skipped="0" hostname="LAPTOP-MEFRD64S" name="Selenium.AppiuTest$RestApiTest" tests="2" failures="0" timestamp="19 Sep 2019 11:49:00 GMT" time="0.193" errors="0">
  <testcase name="HybridApp" time="0.130" classname="Selenium.AppiuTest$RestApiTest"/>
  <testcase name="NativeApp" time="0.063" classname="Selenium.AppiuTest$RestApiTest"/>
</testsuite> <!-- Selenium.AppiuTest$RestApiTest -->
