<?xml version="1.0" encoding="UTF-8"?>
<!-- Generated by org.testng.reporters.JUnitReportReporter -->
<testsuite skipped="0" hostname="LAPTOP-MEFRD64S" name="Selenium.SeleniumTest" tests="2" failures="0" timestamp="19 Sep 2019 11:49:00 GMT" time="0.001" errors="0">
  <testcase name="browserAutomation" time="0.000" classname="Selenium.SeleniumTest"/>
  <testcase name="elementUI" time="0.001" classname="Selenium.SeleniumTest"/>
</testsuite> <!-- Selenium.SeleniumTest -->
