<?xml version="1.0" encoding="UTF-8"?>
<!-- Generated by org.testng.reporters.JUnitReportReporter -->
<testsuite skipped="0" hostname="LAPTOP-MEFRD64S" name="Selenium.RestApiTest" tests="2" failures="0" timestamp="19 Sep 2019 11:48:59 GMT" time="0.002" errors="0">
  <testcase name="postJira" time="0.001" classname="Selenium.RestApiTest"/>
  <testcase name="deleteTwitter" time="0.001" classname="Selenium.RestApiTest"/>
</testsuite> <!-- Selenium.RestApiTest -->
